<?xml version="1.0" encoding="UTF-8" ?>
<testsuite tests="8" failures="0" name="MaksukorttiTest" time="0.016" errors="0" skipped="0">
  <properties>
[...]
</properties>
  <testcase classname="MaksukorttiTest" name="rahanLataaminenKasvattaaSaldoaOikein" time="0"/>
  <testcase classname="MaksukorttiTest" name="metodiPalauttaaFalseJosRahatEivatRiittaneet" time="0"/>
  <testcase classname="MaksukorttiTest" name="luotuKorttiOlemassa" time="0"/>
  <testcase classname="MaksukorttiTest" name="metodiPalauttaaTrueJosRahatRiittivat" time="0"/>
  <testcase classname="MaksukorttiTest" name="kortinSaldoAlussaOikein" time="0"/>
  <testcase classname="MaksukorttiTest" name="toStringTulostaaOikein" time="0.016"/>
  <testcase classname="MaksukorttiTest" name="saldoVaheneeJosRahaaTarpeeksi" time="0"/>
  <testcase classname="MaksukorttiTest" name="saldoEiMuutuJosRahaaEiTarpeeksi" time="0"/>
</testsuite>